{"__type":"$$EventMessageAudit","id":"21ee802d-daa6-4cd5-996f-da9ab315ecda","ts":"2026-05-25T18:17:58.001-05:00","eventName":"n8n.audit.workflow.executed","message":"n8n.audit.workflow.executed","payload":{"workflowId":"oUPx0e5fOPGgvylT","workflowName":"My workflow","executionId":"25","source":"webhook"}}
{"__type":"$$EventMessageConfirm","confirm":"21ee802d-daa6-4cd5-996f-da9ab315ecda","ts":"2026-05-25T18:17:58.001-05:00","source":{"id":"0","name":"eventBus"}}
{"__type":"$$EventMessageWorkflow","id":"00c98124-e1f1-4a1d-8d13-a92dd66f2c97","ts":"2026-05-25T18:17:58.001-05:00","eventName":"n8n.workflow.started","message":"n8n.workflow.started","payload":{"executionId":"25","workflowId":"oUPx0e5fOPGgvylT","isManual":false,"mode":"manual","workflowName":"My workflow","projectId":"b7xQvhxULCJHHqbW","projectName":"paul steve stevetamayo7@gmail.com <stevetamayo7@gmail.com>"}}
{"__type":"$$EventMessageConfirm","confirm":"00c98124-e1f1-4a1d-8d13-a92dd66f2c97","ts":"2026-05-25T18:17:58.001-05:00","source":{"id":"0","name":"eventBus"}}
{"__type":"$$EventMessageNode","id":"87d42551-79eb-475d-a97a-713a0cd515ee","ts":"2026-05-25T18:17:58.009-05:00","eventName":"n8n.node.started","message":"n8n.node.started","payload":{"workflowId":"oUPx0e5fOPGgvylT","workflowName":"My workflow","executionId":"25","nodeType":"n8n-nodes-base.webhook","nodeName":"Webhook","nodeId":"f1135c5d-ea3b-4d5c-8bdc-9fa7d996426e"}}
{"__type":"$$EventMessageConfirm","confirm":"87d42551-79eb-475d-a97a-713a0cd515ee","ts":"2026-05-25T18:17:58.009-05:00","source":{"id":"0","name":"eventBus"}}
{"__type":"$$EventMessageNode","id":"2f353931-e57f-472d-ad6b-8d02c5123ded","ts":"2026-05-25T18:17:58.010-05:00","eventName":"n8n.node.finished","message":"n8n.node.finished","payload":{"workflowId":"oUPx0e5fOPGgvylT","workflowName":"My workflow","executionId":"25","nodeType":"n8n-nodes-base.webhook","nodeName":"Webhook","nodeId":"f1135c5d-ea3b-4d5c-8bdc-9fa7d996426e"}}
{"__type":"$$EventMessageConfirm","confirm":"2f353931-e57f-472d-ad6b-8d02c5123ded","ts":"2026-05-25T18:17:58.010-05:00","source":{"id":"0","name":"eventBus"}}
{"__type":"$$EventMessageNode","id":"2c4c5c85-8d4a-419d-956b-8ca031be35b0","ts":"2026-05-25T18:17:58.011-05:00","eventName":"n8n.node.started","message":"n8n.node.started","payload":{"workflowId":"oUPx0e5fOPGgvylT","workflowName":"My workflow","executionId":"25","nodeType":"n8n-nodes-base.postgres","nodeName":"Insertar Cabecera Pedido","nodeId":"b70ae773-3136-4f89-b186-48c0bd513abc"}}
{"__type":"$$EventMessageConfirm","confirm":"2c4c5c85-8d4a-419d-956b-8ca031be35b0","ts":"2026-05-25T18:17:58.011-05:00","source":{"id":"0","name":"eventBus"}}
{"__type":"$$EventMessageNode","id":"b4713cb5-3f48-4238-b566-abb6adb5e2df","ts":"2026-05-25T18:17:58.144-05:00","eventName":"n8n.node.finished","message":"n8n.node.finished","payload":{"workflowId":"oUPx0e5fOPGgvylT","workflowName":"My workflow","executionId":"25","nodeType":"n8n-nodes-base.postgres","nodeName":"Insertar Cabecera Pedido","nodeId":"b70ae773-3136-4f89-b186-48c0bd513abc"}}
{"__type":"$$EventMessageConfirm","confirm":"b4713cb5-3f48-4238-b566-abb6adb5e2df","ts":"2026-05-25T18:17:58.144-05:00","source":{"id":"0","name":"eventBus"}}
{"__type":"$$EventMessageNode","id":"fb9f09f6-a549-4b81-9999-8db1d0981396","ts":"2026-05-25T18:17:58.144-05:00","eventName":"n8n.node.started","message":"n8n.node.started","payload":{"workflowId":"oUPx0e5fOPGgvylT","workflowName":"My workflow","executionId":"25","nodeType":"n8n-nodes-base.set","nodeName":"Edit Fields","nodeId":"68405ab2-f60e-41a4-9d37-35d47de4936e"}}
{"__type":"$$EventMessageConfirm","confirm":"fb9f09f6-a549-4b81-9999-8db1d0981396","ts":"2026-05-25T18:17:58.144-05:00","source":{"id":"0","name":"eventBus"}}
{"__type":"$$EventMessageNode","id":"85e2c35e-4b39-4cb9-adcb-91412d5955d4","ts":"2026-05-25T18:17:58.152-05:00","eventName":"n8n.node.finished","message":"n8n.node.finished","payload":{"workflowId":"oUPx0e5fOPGgvylT","workflowName":"My workflow","executionId":"25","nodeType":"n8n-nodes-base.set","nodeName":"Edit Fields","nodeId":"68405ab2-f60e-41a4-9d37-35d47de4936e"}}
{"__type":"$$EventMessageConfirm","confirm":"85e2c35e-4b39-4cb9-adcb-91412d5955d4","ts":"2026-05-25T18:17:58.152-05:00","source":{"id":"0","name":"eventBus"}}
{"__type":"$$EventMessageNode","id":"47ca39e6-5709-4918-9b58-947246a72e7f","ts":"2026-05-25T18:17:58.153-05:00","eventName":"n8n.node.started","message":"n8n.node.started","payload":{"workflowId":"oUPx0e5fOPGgvylT","workflowName":"My workflow","executionId":"25","nodeType":"n8n-nodes-base.splitOut","nodeName":"Split Out","nodeId":"a684a599-9806-4670-8e45-8b2176608639"}}
{"__type":"$$EventMessageConfirm","confirm":"47ca39e6-5709-4918-9b58-947246a72e7f","ts":"2026-05-25T18:17:58.153-05:00","source":{"id":"0","name":"eventBus"}}
{"__type":"$$EventMessageNode","id":"1f62a01d-bf03-4a9e-968d-9d3dccaf9e87","ts":"2026-05-25T18:17:58.154-05:00","eventName":"n8n.node.finished","message":"n8n.node.finished","payload":{"workflowId":"oUPx0e5fOPGgvylT","workflowName":"My workflow","executionId":"25","nodeType":"n8n-nodes-base.splitOut","nodeName":"Split Out","nodeId":"a684a599-9806-4670-8e45-8b2176608639"}}
{"__type":"$$EventMessageConfirm","confirm":"1f62a01d-bf03-4a9e-968d-9d3dccaf9e87","ts":"2026-05-25T18:17:58.154-05:00","source":{"id":"0","name":"eventBus"}}
{"__type":"$$EventMessageNode","id":"3217a690-03b1-4997-85fc-850ec833ce64","ts":"2026-05-25T18:17:58.154-05:00","eventName":"n8n.node.started","message":"n8n.node.started","payload":{"workflowId":"oUPx0e5fOPGgvylT","workflowName":"My workflow","executionId":"25","nodeType":"n8n-nodes-base.postgres","nodeName":"Insertar Detalle Final","nodeId":"c7187cf2-b5e1-40c1-8161-a553052a3098"}}
{"__type":"$$EventMessageConfirm","confirm":"3217a690-03b1-4997-85fc-850ec833ce64","ts":"2026-05-25T18:17:58.154-05:00","source":{"id":"0","name":"eventBus"}}
{"__type":"$$EventMessageNode","id":"bbc2ee3c-fe83-4d59-aca5-a1fe0463e32d","ts":"2026-05-25T18:17:58.204-05:00","eventName":"n8n.node.finished","message":"n8n.node.finished","payload":{"workflowId":"oUPx0e5fOPGgvylT","workflowName":"My workflow","executionId":"25","nodeType":"n8n-nodes-base.postgres","nodeName":"Insertar Detalle Final","nodeId":"c7187cf2-b5e1-40c1-8161-a553052a3098"}}
{"__type":"$$EventMessageConfirm","confirm":"bbc2ee3c-fe83-4d59-aca5-a1fe0463e32d","ts":"2026-05-25T18:17:58.204-05:00","source":{"id":"0","name":"eventBus"}}
{"__type":"$$EventMessageWorkflow","id":"ad48e965-b752-4ee8-9168-27e4fb92b636","ts":"2026-05-25T18:17:58.209-05:00","eventName":"n8n.workflow.success","message":"n8n.workflow.success","payload":{"userId":"9e4d8534-9cfb-4a53-b656-7787cfacfb5c","executionId":"25","success":true,"isManual":true,"mode":"manual","workflowId":"oUPx0e5fOPGgvylT","workflowName":"My workflow","projectId":"b7xQvhxULCJHHqbW","projectName":"paul steve stevetamayo7@gmail.com <stevetamayo7@gmail.com>"}}
{"__type":"$$EventMessageConfirm","confirm":"ad48e965-b752-4ee8-9168-27e4fb92b636","ts":"2026-05-25T18:17:58.209-05:00","source":{"id":"0","name":"eventBus"}}
{"__type":"$$EventMessageAudit","id":"3872abc1-6d48-46d6-b84f-379539d60a5d","ts":"2026-05-25T18:21:58.285-05:00","eventName":"n8n.audit.workflow.executed","message":"n8n.audit.workflow.executed","payload":{"workflowId":"oUPx0e5fOPGgvylT","workflowName":"My workflow","executionId":"26","source":"webhook"}}
{"__type":"$$EventMessageConfirm","confirm":"3872abc1-6d48-46d6-b84f-379539d60a5d","ts":"2026-05-25T18:21:58.286-05:00","source":{"id":"0","name":"eventBus"}}
{"__type":"$$EventMessageWorkflow","id":"deb0a031-a067-40e5-9d2e-2b44307ea442","ts":"2026-05-25T18:21:58.286-05:00","eventName":"n8n.workflow.started","message":"n8n.workflow.started","payload":{"executionId":"26","workflowId":"oUPx0e5fOPGgvylT","isManual":false,"mode":"manual","workflowName":"My workflow","projectId":"b7xQvhxULCJHHqbW","projectName":"paul steve stevetamayo7@gmail.com <stevetamayo7@gmail.com>"}}
{"__type":"$$EventMessageConfirm","confirm":"deb0a031-a067-40e5-9d2e-2b44307ea442","ts":"2026-05-25T18:21:58.286-05:00","source":{"id":"0","name":"eventBus"}}
{"__type":"$$EventMessageNode","id":"28914931-3cc1-495c-b447-b9cf2630b797","ts":"2026-05-25T18:21:58.294-05:00","eventName":"n8n.node.started","message":"n8n.node.started","payload":{"workflowId":"oUPx0e5fOPGgvylT","workflowName":"My workflow","executionId":"26","nodeType":"n8n-nodes-base.webhook","nodeName":"Webhook","nodeId":"f1135c5d-ea3b-4d5c-8bdc-9fa7d996426e"}}
{"__type":"$$EventMessageConfirm","confirm":"28914931-3cc1-495c-b447-b9cf2630b797","ts":"2026-05-25T18:21:58.294-05:00","source":{"id":"0","name":"eventBus"}}
{"__type":"$$EventMessageNode","id":"5228547b-c347-4603-ac6c-6d5f18824750","ts":"2026-05-25T18:21:58.294-05:00","eventName":"n8n.node.finished","message":"n8n.node.finished","payload":{"workflowId":"oUPx0e5fOPGgvylT","workflowName":"My workflow","executionId":"26","nodeType":"n8n-nodes-base.webhook","nodeName":"Webhook","nodeId":"f1135c5d-ea3b-4d5c-8bdc-9fa7d996426e"}}
{"__type":"$$EventMessageConfirm","confirm":"5228547b-c347-4603-ac6c-6d5f18824750","ts":"2026-05-25T18:21:58.295-05:00","source":{"id":"0","name":"eventBus"}}
{"__type":"$$EventMessageNode","id":"4962a33a-7a1e-44df-af32-e2a3c1f0bbbe","ts":"2026-05-25T18:21:58.295-05:00","eventName":"n8n.node.started","message":"n8n.node.started","payload":{"workflowId":"oUPx0e5fOPGgvylT","workflowName":"My workflow","executionId":"26","nodeType":"n8n-nodes-base.postgres","nodeName":"Insertar Cabecera Pedido","nodeId":"b70ae773-3136-4f89-b186-48c0bd513abc"}}
{"__type":"$$EventMessageConfirm","confirm":"4962a33a-7a1e-44df-af32-e2a3c1f0bbbe","ts":"2026-05-25T18:21:58.295-05:00","source":{"id":"0","name":"eventBus"}}
{"__type":"$$EventMessageNode","id":"560899c5-f47e-4f77-8734-6b4945d67677","ts":"2026-05-25T18:21:58.361-05:00","eventName":"n8n.node.finished","message":"n8n.node.finished","payload":{"workflowId":"oUPx0e5fOPGgvylT","workflowName":"My workflow","executionId":"26","nodeType":"n8n-nodes-base.postgres","nodeName":"Insertar Cabecera Pedido","nodeId":"b70ae773-3136-4f89-b186-48c0bd513abc"}}
{"__type":"$$EventMessageConfirm","confirm":"560899c5-f47e-4f77-8734-6b4945d67677","ts":"2026-05-25T18:21:58.361-05:00","source":{"id":"0","name":"eventBus"}}
{"__type":"$$EventMessageNode","id":"11923c65-e996-4cf0-99b4-e82201dcd061","ts":"2026-05-25T18:21:58.361-05:00","eventName":"n8n.node.started","message":"n8n.node.started","payload":{"workflowId":"oUPx0e5fOPGgvylT","workflowName":"My workflow","executionId":"26","nodeType":"n8n-nodes-base.set","nodeName":"Edit Fields","nodeId":"68405ab2-f60e-41a4-9d37-35d47de4936e"}}
{"__type":"$$EventMessageConfirm","confirm":"11923c65-e996-4cf0-99b4-e82201dcd061","ts":"2026-05-25T18:21:58.361-05:00","source":{"id":"0","name":"eventBus"}}
{"__type":"$$EventMessageNode","id":"79c9efb6-c6ae-429d-8237-cf7b61ed2e9d","ts":"2026-05-25T18:21:58.362-05:00","eventName":"n8n.node.finished","message":"n8n.node.finished","payload":{"workflowId":"oUPx0e5fOPGgvylT","workflowName":"My workflow","executionId":"26","nodeType":"n8n-nodes-base.set","nodeName":"Edit Fields","nodeId":"68405ab2-f60e-41a4-9d37-35d47de4936e"}}
{"__type":"$$EventMessageConfirm","confirm":"79c9efb6-c6ae-429d-8237-cf7b61ed2e9d","ts":"2026-05-25T18:21:58.362-05:00","source":{"id":"0","name":"eventBus"}}
{"__type":"$$EventMessageNode","id":"aae241ee-aa72-409d-a0b3-4c373b86e1e4","ts":"2026-05-25T18:21:58.363-05:00","eventName":"n8n.node.started","message":"n8n.node.started","payload":{"workflowId":"oUPx0e5fOPGgvylT","workflowName":"My workflow","executionId":"26","nodeType":"n8n-nodes-base.splitOut","nodeName":"Split Out","nodeId":"a684a599-9806-4670-8e45-8b2176608639"}}
{"__type":"$$EventMessageConfirm","confirm":"aae241ee-aa72-409d-a0b3-4c373b86e1e4","ts":"2026-05-25T18:21:58.363-05:00","source":{"id":"0","name":"eventBus"}}
{"__type":"$$EventMessageNode","id":"1980e113-e973-4ab6-be71-ed47ca262537","ts":"2026-05-25T18:21:58.363-05:00","eventName":"n8n.node.finished","message":"n8n.node.finished","payload":{"workflowId":"oUPx0e5fOPGgvylT","workflowName":"My workflow","executionId":"26","nodeType":"n8n-nodes-base.splitOut","nodeName":"Split Out","nodeId":"a684a599-9806-4670-8e45-8b2176608639"}}
{"__type":"$$EventMessageConfirm","confirm":"1980e113-e973-4ab6-be71-ed47ca262537","ts":"2026-05-25T18:21:58.363-05:00","source":{"id":"0","name":"eventBus"}}
{"__type":"$$EventMessageNode","id":"0efe9ec2-b00d-424d-8283-4f6eac219089","ts":"2026-05-25T18:21:58.364-05:00","eventName":"n8n.node.started","message":"n8n.node.started","payload":{"workflowId":"oUPx0e5fOPGgvylT","workflowName":"My workflow","executionId":"26","nodeType":"n8n-nodes-base.postgres","nodeName":"Insertar Detalle Final","nodeId":"c7187cf2-b5e1-40c1-8161-a553052a3098"}}
{"__type":"$$EventMessageConfirm","confirm":"0efe9ec2-b00d-424d-8283-4f6eac219089","ts":"2026-05-25T18:21:58.364-05:00","source":{"id":"0","name":"eventBus"}}
{"__type":"$$EventMessageNode","id":"9e5da2a1-f1ab-4b53-8d01-c6c79543e93b","ts":"2026-05-25T18:21:58.375-05:00","eventName":"n8n.node.finished","message":"n8n.node.finished","payload":{"workflowId":"oUPx0e5fOPGgvylT","workflowName":"My workflow","executionId":"26","nodeType":"n8n-nodes-base.postgres","nodeName":"Insertar Detalle Final","nodeId":"c7187cf2-b5e1-40c1-8161-a553052a3098"}}
{"__type":"$$EventMessageConfirm","confirm":"9e5da2a1-f1ab-4b53-8d01-c6c79543e93b","ts":"2026-05-25T18:21:58.376-05:00","source":{"id":"0","name":"eventBus"}}
{"__type":"$$EventMessageWorkflow","id":"fc5a5ee3-bbb6-4798-a02e-8de3723c606c","ts":"2026-05-25T18:21:58.377-05:00","eventName":"n8n.workflow.success","message":"n8n.workflow.success","payload":{"userId":"9e4d8534-9cfb-4a53-b656-7787cfacfb5c","executionId":"26","success":true,"isManual":true,"mode":"manual","workflowId":"oUPx0e5fOPGgvylT","workflowName":"My workflow","projectId":"b7xQvhxULCJHHqbW","projectName":"paul steve stevetamayo7@gmail.com <stevetamayo7@gmail.com>"}}
{"__type":"$$EventMessageConfirm","confirm":"fc5a5ee3-bbb6-4798-a02e-8de3723c606c","ts":"2026-05-25T18:21:58.377-05:00","source":{"id":"0","name":"eventBus"}}
{"__type":"$$EventMessageAudit","id":"4e8dbf1d-6e00-4e33-babf-a418d8206312","ts":"2026-05-25T18:24:51.528-05:00","eventName":"n8n.audit.workflow.executed","message":"n8n.audit.workflow.executed","payload":{"workflowId":"oUPx0e5fOPGgvylT","workflowName":"My workflow","executionId":"27","source":"webhook"}}
{"__type":"$$EventMessageConfirm","confirm":"4e8dbf1d-6e00-4e33-babf-a418d8206312","ts":"2026-05-25T18:24:51.528-05:00","source":{"id":"0","name":"eventBus"}}
{"__type":"$$EventMessageWorkflow","id":"4ee0364e-0f07-4f68-ac40-bbd7e46b7faf","ts":"2026-05-25T18:24:51.528-05:00","eventName":"n8n.workflow.started","message":"n8n.workflow.started","payload":{"executionId":"27","workflowId":"oUPx0e5fOPGgvylT","isManual":false,"mode":"manual","workflowName":"My workflow","projectId":"b7xQvhxULCJHHqbW","projectName":"paul steve stevetamayo7@gmail.com <stevetamayo7@gmail.com>"}}
{"__type":"$$EventMessageConfirm","confirm":"4ee0364e-0f07-4f68-ac40-bbd7e46b7faf","ts":"2026-05-25T18:24:51.528-05:00","source":{"id":"0","name":"eventBus"}}
{"__type":"$$EventMessageNode","id":"a06b7157-18d7-4ce3-b855-159c908630a5","ts":"2026-05-25T18:24:51.536-05:00","eventName":"n8n.node.started","message":"n8n.node.started","payload":{"workflowId":"oUPx0e5fOPGgvylT","workflowName":"My workflow","executionId":"27","nodeType":"n8n-nodes-base.webhook","nodeName":"Webhook","nodeId":"f1135c5d-ea3b-4d5c-8bdc-9fa7d996426e"}}
{"__type":"$$EventMessageConfirm","confirm":"a06b7157-18d7-4ce3-b855-159c908630a5","ts":"2026-05-25T18:24:51.536-05:00","source":{"id":"0","name":"eventBus"}}
{"__type":"$$EventMessageNode","id":"36aa396b-6810-4fff-bcd6-7f8785ba1a28","ts":"2026-05-25T18:24:51.536-05:00","eventName":"n8n.node.finished","message":"n8n.node.finished","payload":{"workflowId":"oUPx0e5fOPGgvylT","workflowName":"My workflow","executionId":"27","nodeType":"n8n-nodes-base.webhook","nodeName":"Webhook","nodeId":"f1135c5d-ea3b-4d5c-8bdc-9fa7d996426e"}}
{"__type":"$$EventMessageConfirm","confirm":"36aa396b-6810-4fff-bcd6-7f8785ba1a28","ts":"2026-05-25T18:24:51.536-05:00","source":{"id":"0","name":"eventBus"}}
{"__type":"$$EventMessageNode","id":"b36a6ec9-a94e-41a7-891a-1be25aa12d05","ts":"2026-05-25T18:24:51.536-05:00","eventName":"n8n.node.started","message":"n8n.node.started","payload":{"workflowId":"oUPx0e5fOPGgvylT","workflowName":"My workflow","executionId":"27","nodeType":"n8n-nodes-base.postgres","nodeName":"Insertar Cabecera Pedido","nodeId":"b70ae773-3136-4f89-b186-48c0bd513abc"}}
{"__type":"$$EventMessageConfirm","confirm":"b36a6ec9-a94e-41a7-891a-1be25aa12d05","ts":"2026-05-25T18:24:51.536-05:00","source":{"id":"0","name":"eventBus"}}
{"__type":"$$EventMessageNode","id":"4607278f-c165-472e-8a37-1d4e1bf81a31","ts":"2026-05-25T18:24:51.593-05:00","eventName":"n8n.node.finished","message":"n8n.node.finished","payload":{"workflowId":"oUPx0e5fOPGgvylT","workflowName":"My workflow","executionId":"27","nodeType":"n8n-nodes-base.postgres","nodeName":"Insertar Cabecera Pedido","nodeId":"b70ae773-3136-4f89-b186-48c0bd513abc"}}
{"__type":"$$EventMessageConfirm","confirm":"4607278f-c165-472e-8a37-1d4e1bf81a31","ts":"2026-05-25T18:24:51.593-05:00","source":{"id":"0","name":"eventBus"}}
{"__type":"$$EventMessageNode","id":"45531d4c-1977-497a-9593-cabb62e4e481","ts":"2026-05-25T18:24:51.594-05:00","eventName":"n8n.node.started","message":"n8n.node.started","payload":{"workflowId":"oUPx0e5fOPGgvylT","workflowName":"My workflow","executionId":"27","nodeType":"n8n-nodes-base.set","nodeName":"Edit Fields","nodeId":"68405ab2-f60e-41a4-9d37-35d47de4936e"}}
{"__type":"$$EventMessageConfirm","confirm":"45531d4c-1977-497a-9593-cabb62e4e481","ts":"2026-05-25T18:24:51.594-05:00","source":{"id":"0","name":"eventBus"}}
{"__type":"$$EventMessageNode","id":"ca353e1a-8d9a-4e0f-83a4-b00afa60066a","ts":"2026-05-25T18:24:51.595-05:00","eventName":"n8n.node.finished","message":"n8n.node.finished","payload":{"workflowId":"oUPx0e5fOPGgvylT","workflowName":"My workflow","executionId":"27","nodeType":"n8n-nodes-base.set","nodeName":"Edit Fields","nodeId":"68405ab2-f60e-41a4-9d37-35d47de4936e"}}
{"__type":"$$EventMessageConfirm","confirm":"ca353e1a-8d9a-4e0f-83a4-b00afa60066a","ts":"2026-05-25T18:24:51.595-05:00","source":{"id":"0","name":"eventBus"}}
{"__type":"$$EventMessageNode","id":"d3a00db0-66f5-49ef-8214-9e67f6e85868","ts":"2026-05-25T18:24:51.595-05:00","eventName":"n8n.node.started","message":"n8n.node.started","payload":{"workflowId":"oUPx0e5fOPGgvylT","workflowName":"My workflow","executionId":"27","nodeType":"n8n-nodes-base.splitOut","nodeName":"Split Out","nodeId":"a684a599-9806-4670-8e45-8b2176608639"}}
{"__type":"$$EventMessageConfirm","confirm":"d3a00db0-66f5-49ef-8214-9e67f6e85868","ts":"2026-05-25T18:24:51.595-05:00","source":{"id":"0","name":"eventBus"}}
{"__type":"$$EventMessageNode","id":"18ba75a4-cf88-421f-873f-d2e5000b32c1","ts":"2026-05-25T18:24:51.596-05:00","eventName":"n8n.node.finished","message":"n8n.node.finished","payload":{"workflowId":"oUPx0e5fOPGgvylT","workflowName":"My workflow","executionId":"27","nodeType":"n8n-nodes-base.splitOut","nodeName":"Split Out","nodeId":"a684a599-9806-4670-8e45-8b2176608639"}}
{"__type":"$$EventMessageConfirm","confirm":"18ba75a4-cf88-421f-873f-d2e5000b32c1","ts":"2026-05-25T18:24:51.596-05:00","source":{"id":"0","name":"eventBus"}}
{"__type":"$$EventMessageNode","id":"bfdc046c-f496-4350-893e-5eb6f2b8d8de","ts":"2026-05-25T18:24:51.596-05:00","eventName":"n8n.node.started","message":"n8n.node.started","payload":{"workflowId":"oUPx0e5fOPGgvylT","workflowName":"My workflow","executionId":"27","nodeType":"n8n-nodes-base.postgres","nodeName":"Insertar Detalle Final","nodeId":"c7187cf2-b5e1-40c1-8161-a553052a3098"}}
{"__type":"$$EventMessageConfirm","confirm":"bfdc046c-f496-4350-893e-5eb6f2b8d8de","ts":"2026-05-25T18:24:51.596-05:00","source":{"id":"0","name":"eventBus"}}
{"__type":"$$EventMessageNode","id":"e5478459-7ad5-4a45-addb-41f6b95ff7a5","ts":"2026-05-25T18:24:51.609-05:00","eventName":"n8n.node.finished","message":"n8n.node.finished","payload":{"workflowId":"oUPx0e5fOPGgvylT","workflowName":"My workflow","executionId":"27","nodeType":"n8n-nodes-base.postgres","nodeName":"Insertar Detalle Final","nodeId":"c7187cf2-b5e1-40c1-8161-a553052a3098"}}
{"__type":"$$EventMessageConfirm","confirm":"e5478459-7ad5-4a45-addb-41f6b95ff7a5","ts":"2026-05-25T18:24:51.609-05:00","source":{"id":"0","name":"eventBus"}}
{"__type":"$$EventMessageWorkflow","id":"c37adf12-3d85-42a3-9d0e-001e3f09930e","ts":"2026-05-25T18:24:51.611-05:00","eventName":"n8n.workflow.success","message":"n8n.workflow.success","payload":{"userId":"9e4d8534-9cfb-4a53-b656-7787cfacfb5c","executionId":"27","success":true,"isManual":true,"mode":"manual","workflowId":"oUPx0e5fOPGgvylT","workflowName":"My workflow","projectId":"b7xQvhxULCJHHqbW","projectName":"paul steve stevetamayo7@gmail.com <stevetamayo7@gmail.com>"}}
{"__type":"$$EventMessageConfirm","confirm":"c37adf12-3d85-42a3-9d0e-001e3f09930e","ts":"2026-05-25T18:24:51.611-05:00","source":{"id":"0","name":"eventBus"}}
{"__type":"$$EventMessageAudit","id":"dbe0ce84-5fa7-40ba-b2ff-c1be07c4f71e","ts":"2026-05-25T18:25:45.733-05:00","eventName":"n8n.audit.workflow.executed","message":"n8n.audit.workflow.executed","payload":{"workflowId":"oUPx0e5fOPGgvylT","workflowName":"My workflow","executionId":"28","source":"webhook"}}
{"__type":"$$EventMessageConfirm","confirm":"dbe0ce84-5fa7-40ba-b2ff-c1be07c4f71e","ts":"2026-05-25T18:25:45.733-05:00","source":{"id":"0","name":"eventBus"}}
{"__type":"$$EventMessageWorkflow","id":"a6f0e9ae-191f-4655-b93c-ea217cc79288","ts":"2026-05-25T18:25:45.733-05:00","eventName":"n8n.workflow.started","message":"n8n.workflow.started","payload":{"executionId":"28","workflowId":"oUPx0e5fOPGgvylT","isManual":false,"mode":"manual","workflowName":"My workflow","projectId":"b7xQvhxULCJHHqbW","projectName":"paul steve stevetamayo7@gmail.com <stevetamayo7@gmail.com>"}}
{"__type":"$$EventMessageConfirm","confirm":"a6f0e9ae-191f-4655-b93c-ea217cc79288","ts":"2026-05-25T18:25:45.733-05:00","source":{"id":"0","name":"eventBus"}}
{"__type":"$$EventMessageNode","id":"1f7b99df-b132-420e-8db9-8c799544d4fe","ts":"2026-05-25T18:25:45.741-05:00","eventName":"n8n.node.started","message":"n8n.node.started","payload":{"workflowId":"oUPx0e5fOPGgvylT","workflowName":"My workflow","executionId":"28","nodeType":"n8n-nodes-base.webhook","nodeName":"Webhook","nodeId":"f1135c5d-ea3b-4d5c-8bdc-9fa7d996426e"}}
{"__type":"$$EventMessageConfirm","confirm":"1f7b99df-b132-420e-8db9-8c799544d4fe","ts":"2026-05-25T18:25:45.741-05:00","source":{"id":"0","name":"eventBus"}}
{"__type":"$$EventMessageNode","id":"d0adbc1d-7eb0-4091-b169-2b6f0158ec05","ts":"2026-05-25T18:25:45.742-05:00","eventName":"n8n.node.finished","message":"n8n.node.finished","payload":{"workflowId":"oUPx0e5fOPGgvylT","workflowName":"My workflow","executionId":"28","nodeType":"n8n-nodes-base.webhook","nodeName":"Webhook","nodeId":"f1135c5d-ea3b-4d5c-8bdc-9fa7d996426e"}}
{"__type":"$$EventMessageConfirm","confirm":"d0adbc1d-7eb0-4091-b169-2b6f0158ec05","ts":"2026-05-25T18:25:45.742-05:00","source":{"id":"0","name":"eventBus"}}
{"__type":"$$EventMessageNode","id":"5353e4e8-71a0-46b8-98ae-4260b797791a","ts":"2026-05-25T18:25:45.742-05:00","eventName":"n8n.node.started","message":"n8n.node.started","payload":{"workflowId":"oUPx0e5fOPGgvylT","workflowName":"My workflow","executionId":"28","nodeType":"n8n-nodes-base.postgres","nodeName":"Insertar Cabecera Pedido","nodeId":"b70ae773-3136-4f89-b186-48c0bd513abc"}}
{"__type":"$$EventMessageConfirm","confirm":"5353e4e8-71a0-46b8-98ae-4260b797791a","ts":"2026-05-25T18:25:45.742-05:00","source":{"id":"0","name":"eventBus"}}
{"__type":"$$EventMessageNode","id":"732d6c84-289f-4dd4-8d2f-de7490c39446","ts":"2026-05-25T18:25:45.809-05:00","eventName":"n8n.node.finished","message":"n8n.node.finished","payload":{"workflowId":"oUPx0e5fOPGgvylT","workflowName":"My workflow","executionId":"28","nodeType":"n8n-nodes-base.postgres","nodeName":"Insertar Cabecera Pedido","nodeId":"b70ae773-3136-4f89-b186-48c0bd513abc"}}
{"__type":"$$EventMessageConfirm","confirm":"732d6c84-289f-4dd4-8d2f-de7490c39446","ts":"2026-05-25T18:25:45.809-05:00","source":{"id":"0","name":"eventBus"}}
{"__type":"$$EventMessageNode","id":"08b123fc-bf47-436b-b16f-44c1dd23b629","ts":"2026-05-25T18:25:45.810-05:00","eventName":"n8n.node.started","message":"n8n.node.started","payload":{"workflowId":"oUPx0e5fOPGgvylT","workflowName":"My workflow","executionId":"28","nodeType":"n8n-nodes-base.set","nodeName":"Edit Fields","nodeId":"68405ab2-f60e-41a4-9d37-35d47de4936e"}}
{"__type":"$$EventMessageConfirm","confirm":"08b123fc-bf47-436b-b16f-44c1dd23b629","ts":"2026-05-25T18:25:45.810-05:00","source":{"id":"0","name":"eventBus"}}
{"__type":"$$EventMessageNode","id":"8d6c21b5-a21d-4add-ae4b-60927548abb6","ts":"2026-05-25T18:25:45.812-05:00","eventName":"n8n.node.finished","message":"n8n.node.finished","payload":{"workflowId":"oUPx0e5fOPGgvylT","workflowName":"My workflow","executionId":"28","nodeType":"n8n-nodes-base.set","nodeName":"Edit Fields","nodeId":"68405ab2-f60e-41a4-9d37-35d47de4936e"}}
{"__type":"$$EventMessageConfirm","confirm":"8d6c21b5-a21d-4add-ae4b-60927548abb6","ts":"2026-05-25T18:25:45.812-05:00","source":{"id":"0","name":"eventBus"}}
{"__type":"$$EventMessageNode","id":"ff886617-8d0c-47f8-91b6-97810b4db928","ts":"2026-05-25T18:25:45.813-05:00","eventName":"n8n.node.started","message":"n8n.node.started","payload":{"workflowId":"oUPx0e5fOPGgvylT","workflowName":"My workflow","executionId":"28","nodeType":"n8n-nodes-base.splitOut","nodeName":"Split Out","nodeId":"a684a599-9806-4670-8e45-8b2176608639"}}
{"__type":"$$EventMessageConfirm","confirm":"ff886617-8d0c-47f8-91b6-97810b4db928","ts":"2026-05-25T18:25:45.813-05:00","source":{"id":"0","name":"eventBus"}}
{"__type":"$$EventMessageNode","id":"bcfd6e73-1dc4-4333-9a9a-57587cad4ac2","ts":"2026-05-25T18:25:45.813-05:00","eventName":"n8n.node.finished","message":"n8n.node.finished","payload":{"workflowId":"oUPx0e5fOPGgvylT","workflowName":"My workflow","executionId":"28","nodeType":"n8n-nodes-base.splitOut","nodeName":"Split Out","nodeId":"a684a599-9806-4670-8e45-8b2176608639"}}
{"__type":"$$EventMessageConfirm","confirm":"bcfd6e73-1dc4-4333-9a9a-57587cad4ac2","ts":"2026-05-25T18:25:45.813-05:00","source":{"id":"0","name":"eventBus"}}
{"__type":"$$EventMessageNode","id":"69a7c345-c7d3-4b5f-a826-fe6e27bfc762","ts":"2026-05-25T18:25:45.813-05:00","eventName":"n8n.node.started","message":"n8n.node.started","payload":{"workflowId":"oUPx0e5fOPGgvylT","workflowName":"My workflow","executionId":"28","nodeType":"n8n-nodes-base.postgres","nodeName":"Insertar Detalle Final","nodeId":"c7187cf2-b5e1-40c1-8161-a553052a3098"}}
{"__type":"$$EventMessageConfirm","confirm":"69a7c345-c7d3-4b5f-a826-fe6e27bfc762","ts":"2026-05-25T18:25:45.813-05:00","source":{"id":"0","name":"eventBus"}}
{"__type":"$$EventMessageNode","id":"5a6cef4b-8e19-4194-ab39-49efcb7409c2","ts":"2026-05-25T18:25:45.823-05:00","eventName":"n8n.node.finished","message":"n8n.node.finished","payload":{"workflowId":"oUPx0e5fOPGgvylT","workflowName":"My workflow","executionId":"28","nodeType":"n8n-nodes-base.postgres","nodeName":"Insertar Detalle Final","nodeId":"c7187cf2-b5e1-40c1-8161-a553052a3098"}}
{"__type":"$$EventMessageConfirm","confirm":"5a6cef4b-8e19-4194-ab39-49efcb7409c2","ts":"2026-05-25T18:25:45.823-05:00","source":{"id":"0","name":"eventBus"}}
{"__type":"$$EventMessageWorkflow","id":"3fe07d44-9a74-40b8-89ca-0b648886f882","ts":"2026-05-25T18:25:45.824-05:00","eventName":"n8n.workflow.success","message":"n8n.workflow.success","payload":{"userId":"9e4d8534-9cfb-4a53-b656-7787cfacfb5c","executionId":"28","success":true,"isManual":true,"mode":"manual","workflowId":"oUPx0e5fOPGgvylT","workflowName":"My workflow","projectId":"b7xQvhxULCJHHqbW","projectName":"paul steve stevetamayo7@gmail.com <stevetamayo7@gmail.com>"}}
{"__type":"$$EventMessageConfirm","confirm":"3fe07d44-9a74-40b8-89ca-0b648886f882","ts":"2026-05-25T18:25:45.825-05:00","source":{"id":"0","name":"eventBus"}}
{"__type":"$$EventMessageAudit","id":"626d766f-af9b-42b7-8b3e-aaeae74c9540","ts":"2026-05-25T18:26:05.976-05:00","eventName":"n8n.audit.workflow.executed","message":"n8n.audit.workflow.executed","payload":{"workflowId":"oUPx0e5fOPGgvylT","workflowName":"My workflow","executionId":"29","source":"webhook"}}
{"__type":"$$EventMessageConfirm","confirm":"626d766f-af9b-42b7-8b3e-aaeae74c9540","ts":"2026-05-25T18:26:05.976-05:00","source":{"id":"0","name":"eventBus"}}
{"__type":"$$EventMessageWorkflow","id":"2dd693dc-7a26-43d8-a22a-69d6018f5319","ts":"2026-05-25T18:26:05.976-05:00","eventName":"n8n.workflow.started","message":"n8n.workflow.started","payload":{"executionId":"29","workflowId":"oUPx0e5fOPGgvylT","isManual":false,"mode":"manual","workflowName":"My workflow","projectId":"b7xQvhxULCJHHqbW","projectName":"paul steve stevetamayo7@gmail.com <stevetamayo7@gmail.com>"}}
{"__type":"$$EventMessageConfirm","confirm":"2dd693dc-7a26-43d8-a22a-69d6018f5319","ts":"2026-05-25T18:26:05.976-05:00","source":{"id":"0","name":"eventBus"}}
{"__type":"$$EventMessageNode","id":"25201bfb-e9b7-4877-855c-ccc35fe4319d","ts":"2026-05-25T18:26:05.985-05:00","eventName":"n8n.node.started","message":"n8n.node.started","payload":{"workflowId":"oUPx0e5fOPGgvylT","workflowName":"My workflow","executionId":"29","nodeType":"n8n-nodes-base.webhook","nodeName":"Webhook","nodeId":"f1135c5d-ea3b-4d5c-8bdc-9fa7d996426e"}}
{"__type":"$$EventMessageConfirm","confirm":"25201bfb-e9b7-4877-855c-ccc35fe4319d","ts":"2026-05-25T18:26:05.985-05:00","source":{"id":"0","name":"eventBus"}}
{"__type":"$$EventMessageNode","id":"d4a122a4-5f25-4159-a96f-ae5ede6761ed","ts":"2026-05-25T18:26:05.985-05:00","eventName":"n8n.node.finished","message":"n8n.node.finished","payload":{"workflowId":"oUPx0e5fOPGgvylT","workflowName":"My workflow","executionId":"29","nodeType":"n8n-nodes-base.webhook","nodeName":"Webhook","nodeId":"f1135c5d-ea3b-4d5c-8bdc-9fa7d996426e"}}
{"__type":"$$EventMessageConfirm","confirm":"d4a122a4-5f25-4159-a96f-ae5ede6761ed","ts":"2026-05-25T18:26:05.985-05:00","source":{"id":"0","name":"eventBus"}}
{"__type":"$$EventMessageNode","id":"e8f3e7af-46ee-481d-9a11-f187d7a46818","ts":"2026-05-25T18:26:05.985-05:00","eventName":"n8n.node.started","message":"n8n.node.started","payload":{"workflowId":"oUPx0e5fOPGgvylT","workflowName":"My workflow","executionId":"29","nodeType":"n8n-nodes-base.postgres","nodeName":"Insertar Cabecera Pedido","nodeId":"b70ae773-3136-4f89-b186-48c0bd513abc"}}
{"__type":"$$EventMessageConfirm","confirm":"e8f3e7af-46ee-481d-9a11-f187d7a46818","ts":"2026-05-25T18:26:05.985-05:00","source":{"id":"0","name":"eventBus"}}
{"__type":"$$EventMessageNode","id":"90964919-fc4a-46a8-b69b-720e11295518","ts":"2026-05-25T18:26:06.042-05:00","eventName":"n8n.node.finished","message":"n8n.node.finished","payload":{"workflowId":"oUPx0e5fOPGgvylT","workflowName":"My workflow","executionId":"29","nodeType":"n8n-nodes-base.postgres","nodeName":"Insertar Cabecera Pedido","nodeId":"b70ae773-3136-4f89-b186-48c0bd513abc"}}
{"__type":"$$EventMessageConfirm","confirm":"90964919-fc4a-46a8-b69b-720e11295518","ts":"2026-05-25T18:26:06.042-05:00","source":{"id":"0","name":"eventBus"}}
{"__type":"$$EventMessageNode","id":"0be9060e-6d87-4615-a990-46a4bfff23df","ts":"2026-05-25T18:26:06.042-05:00","eventName":"n8n.node.started","message":"n8n.node.started","payload":{"workflowId":"oUPx0e5fOPGgvylT","workflowName":"My workflow","executionId":"29","nodeType":"n8n-nodes-base.set","nodeName":"Edit Fields","nodeId":"68405ab2-f60e-41a4-9d37-35d47de4936e"}}
{"__type":"$$EventMessageConfirm","confirm":"0be9060e-6d87-4615-a990-46a4bfff23df","ts":"2026-05-25T18:26:06.042-05:00","source":{"id":"0","name":"eventBus"}}
{"__type":"$$EventMessageNode","id":"998ab58c-0ce4-4d38-9b14-20a68369d27b","ts":"2026-05-25T18:26:06.043-05:00","eventName":"n8n.node.finished","message":"n8n.node.finished","payload":{"workflowId":"oUPx0e5fOPGgvylT","workflowName":"My workflow","executionId":"29","nodeType":"n8n-nodes-base.set","nodeName":"Edit Fields","nodeId":"68405ab2-f60e-41a4-9d37-35d47de4936e"}}
{"__type":"$$EventMessageConfirm","confirm":"998ab58c-0ce4-4d38-9b14-20a68369d27b","ts":"2026-05-25T18:26:06.043-05:00","source":{"id":"0","name":"eventBus"}}
{"__type":"$$EventMessageNode","id":"2fda5c5a-4805-4b0e-8b9e-364da5ea9b99","ts":"2026-05-25T18:26:06.043-05:00","eventName":"n8n.node.started","message":"n8n.node.started","payload":{"workflowId":"oUPx0e5fOPGgvylT","workflowName":"My workflow","executionId":"29","nodeType":"n8n-nodes-base.splitOut","nodeName":"Split Out","nodeId":"a684a599-9806-4670-8e45-8b2176608639"}}
{"__type":"$$EventMessageConfirm","confirm":"2fda5c5a-4805-4b0e-8b9e-364da5ea9b99","ts":"2026-05-25T18:26:06.043-05:00","source":{"id":"0","name":"eventBus"}}
{"__type":"$$EventMessageNode","id":"31cab139-2305-4e4a-a7ae-f3c0ec87e906","ts":"2026-05-25T18:26:06.043-05:00","eventName":"n8n.node.finished","message":"n8n.node.finished","payload":{"workflowId":"oUPx0e5fOPGgvylT","workflowName":"My workflow","executionId":"29","nodeType":"n8n-nodes-base.splitOut","nodeName":"Split Out","nodeId":"a684a599-9806-4670-8e45-8b2176608639"}}
{"__type":"$$EventMessageConfirm","confirm":"31cab139-2305-4e4a-a7ae-f3c0ec87e906","ts":"2026-05-25T18:26:06.043-05:00","source":{"id":"0","name":"eventBus"}}
{"__type":"$$EventMessageNode","id":"281dfde3-b620-4e01-a338-1a31299d6dd6","ts":"2026-05-25T18:26:06.043-05:00","eventName":"n8n.node.started","message":"n8n.node.started","payload":{"workflowId":"oUPx0e5fOPGgvylT","workflowName":"My workflow","executionId":"29","nodeType":"n8n-nodes-base.postgres","nodeName":"Insertar Detalle Final","nodeId":"c7187cf2-b5e1-40c1-8161-a553052a3098"}}
{"__type":"$$EventMessageConfirm","confirm":"281dfde3-b620-4e01-a338-1a31299d6dd6","ts":"2026-05-25T18:26:06.043-05:00","source":{"id":"0","name":"eventBus"}}
{"__type":"$$EventMessageNode","id":"2a6a52aa-5f7c-4107-9d05-ddf74e9a20d0","ts":"2026-05-25T18:26:06.053-05:00","eventName":"n8n.node.finished","message":"n8n.node.finished","payload":{"workflowId":"oUPx0e5fOPGgvylT","workflowName":"My workflow","executionId":"29","nodeType":"n8n-nodes-base.postgres","nodeName":"Insertar Detalle Final","nodeId":"c7187cf2-b5e1-40c1-8161-a553052a3098"}}
{"__type":"$$EventMessageConfirm","confirm":"2a6a52aa-5f7c-4107-9d05-ddf74e9a20d0","ts":"2026-05-25T18:26:06.053-05:00","source":{"id":"0","name":"eventBus"}}
{"__type":"$$EventMessageWorkflow","id":"eb585a20-f557-4d59-96e2-0de6e0c720b7","ts":"2026-05-25T18:26:06.055-05:00","eventName":"n8n.workflow.success","message":"n8n.workflow.success","payload":{"userId":"9e4d8534-9cfb-4a53-b656-7787cfacfb5c","executionId":"29","success":true,"isManual":true,"mode":"manual","workflowId":"oUPx0e5fOPGgvylT","workflowName":"My workflow","projectId":"b7xQvhxULCJHHqbW","projectName":"paul steve stevetamayo7@gmail.com <stevetamayo7@gmail.com>"}}
{"__type":"$$EventMessageConfirm","confirm":"eb585a20-f557-4d59-96e2-0de6e0c720b7","ts":"2026-05-25T18:26:06.055-05:00","source":{"id":"0","name":"eventBus"}}
